0 info it worked if it ends with ok
1 verbose cli [ 'C:\\Users\\tjbrix\\AppData\\Local\\atom\\app-1.6.2\\resources\\app\\apm\\bin\\node.exe',
1 verbose cli   'C:\\Users\\tjbrix\\AppData\\Local\\atom\\app-1.6.2\\resources\\app\\apm\\node_modules\\npm\\bin\\npm-cli.js',
1 verbose cli   'version',
1 verbose cli   '1.0.0',
1 verbose cli   '-m',
1 verbose cli   'Prepare %s release' ]
2 info using npm@2.13.3
3 info using node@v0.10.40
4 info git [ 'status', '--porcelain' ]
5 verbose stack Error: Git working directory not clean.
5 verbose stack M package.json
5 verbose stack     at C:\Users\tjbrix\AppData\Local\atom\app-1.6.2\resources\app\apm\node_modules\npm\lib\version.js:171:21
5 verbose stack     at ChildProcess.exithandler (child_process.js:656:7)
5 verbose stack     at ChildProcess.emit (events.js:98:17)
5 verbose stack     at maybeClose (child_process.js:766:16)
5 verbose stack     at Process.ChildProcess._handle.onexit (child_process.js:833:5)
6 verbose cwd C:\Users\tjbrix\Documents\Projects\Github\hyperlink-hyperclick
7 error Windows_NT 6.2.9200
8 error argv "C:\\Users\\tjbrix\\AppData\\Local\\atom\\app-1.6.2\\resources\\app\\apm\\bin\\node.exe" "C:\\Users\\tjbrix\\AppData\\Local\\atom\\app-1.6.2\\resources\\app\\apm\\node_modules\\npm\\bin\\npm-cli.js" "version" "1.0.0" "-m" "Prepare %s release"
9 error node v0.10.40
10 error npm  v2.13.3
11 error Git working directory not clean.
11 error M package.json
12 error If you need help, you may report this error at:
12 error     <https://github.com/npm/npm/issues>
13 verbose exit [ 1, true ]
